0 info it worked if it ends with ok
1 verbose cli [ '/var/lang/bin/node', '/var/lang/bin/npm', 'run', 'start:dev' ]
2 info using npm@3.10.10
3 info using node@v6.10.3
4 verbose run-script [ 'prestart:dev', 'start:dev', 'poststart:dev' ]
5 info lifecycle contacts-service@1.0.0~prestart:dev: contacts-service@1.0.0
6 silly lifecycle contacts-service@1.0.0~prestart:dev: no script for prestart:dev, continuing
7 info lifecycle contacts-service@1.0.0~start:dev: contacts-service@1.0.0
8 verbose lifecycle contacts-service@1.0.0~start:dev: unsafe-perm in lifecycle true
9 verbose lifecycle contacts-service@1.0.0~start:dev: PATH: /var/lang/lib/node_modules/npm/bin/node-gyp-bin:/home/appuser/app/node_modules/.bin:/var/lang/bin:/usr/local/sbin:/usr/local/bin:/usr/sbin:/usr/bin:/sbin:/bin:/opt/bin
10 verbose lifecycle contacts-service@1.0.0~start:dev: CWD: /home/appuser/app
11 silly lifecycle contacts-service@1.0.0~start:dev: Args: [ '-c', 'node -r dotenv/config src/index.js' ]
12 silly lifecycle contacts-service@1.0.0~start:dev: Returned: code: 1  signal: null
13 info lifecycle contacts-service@1.0.0~start:dev: Failed to exec start:dev script
14 verbose stack Error: contacts-service@1.0.0 start:dev: `node -r dotenv/config src/index.js`
14 verbose stack Exit status 1
14 verbose stack     at EventEmitter.<anonymous> (/var/lang/lib/node_modules/npm/lib/utils/lifecycle.js:255:16)
14 verbose stack     at emitTwo (events.js:106:13)
14 verbose stack     at EventEmitter.emit (events.js:191:7)
14 verbose stack     at ChildProcess.<anonymous> (/var/lang/lib/node_modules/npm/lib/utils/spawn.js:40:14)
14 verbose stack     at emitTwo (events.js:106:13)
14 verbose stack     at ChildProcess.emit (events.js:191:7)
14 verbose stack     at maybeClose (internal/child_process.js:886:16)
14 verbose stack     at Process.ChildProcess._handle.onexit (internal/child_process.js:226:5)
15 verbose pkgid contacts-service@1.0.0
16 verbose cwd /home/appuser/app
17 error Linux 4.9.125-linuxkit
18 error argv "/var/lang/bin/node" "/var/lang/bin/npm" "run" "start:dev"
19 error node v6.10.3
20 error npm  v3.10.10
21 error code ELIFECYCLE
22 error contacts-service@1.0.0 start:dev: `node -r dotenv/config src/index.js`
22 error Exit status 1
23 error Failed at the contacts-service@1.0.0 start:dev script 'node -r dotenv/config src/index.js'.
23 error Make sure you have the latest version of node.js and npm installed.
23 error If you do, this is most likely a problem with the contacts-service package,
23 error not with npm itself.
23 error Tell the author that this fails on your system:
23 error     node -r dotenv/config src/index.js
23 error You can get information on how to open an issue for this project with:
23 error     npm bugs contacts-service
23 error Or if that isn't available, you can get their info via:
23 error     npm owner ls contacts-service
23 error There is likely additional logging output above.
24 verbose exit [ 1, true ]
